<?xml version="1.0" encoding="UTF-8"?>
<!-- Generated by org.testng.reporters.JUnitXMLReporter -->
<testsuite ignored="0" hostname="DESKTOP-CFBCV8Q" failures="0" tests="3" name="Open Cart Login Page Test_edge" time="6.013" errors="0" timestamp="2025-05-05T23:17:44 IST">
  <testcase classname="com.qa.opencart.tests.LoginPageTest" name="loginPageNavigationTest" time="1.161"/>
  <testcase classname="com.qa.opencart.tests.LoginPageTest" name="forgotPwdLinkExistTest" time="0.043"/>
  <testcase classname="com.qa.opencart.tests.LoginPageTest" name="appLoginTest" time="0.677"/>
</testsuite> <!-- Open Cart Login Page Test_edge -->
