<?xml version="1.0" encoding="UTF-8"?>
<!-- Generated by org.testng.reporters.JUnitXMLReporter -->
<testsuite ignored="0" hostname="DESKTOP-CFBCV8Q" failures="0" tests="3" name="Open Cart Login Page Test_firefox" time="16.472" errors="0" timestamp="2025-05-05T23:17:37 IST">
  <testcase classname="com.qa.opencart.tests.LoginPageTest" name="loginPageNavigationTest" time="1.484"/>
  <testcase classname="com.qa.opencart.tests.LoginPageTest" name="forgotPwdLinkExistTest" time="0.055"/>
  <testcase classname="com.qa.opencart.tests.LoginPageTest" name="appLoginTest" time="0.696"/>
</testsuite> <!-- Open Cart Login Page Test_firefox -->
