<?xml version="1.0" encoding="UTF-8"?>
<!-- Generated by org.testng.reporters.JUnitXMLReporter -->
<testsuite ignored="0" hostname="DESKTOP-CFBCV8Q" failures="0" tests="5" name="Open Cart Home Page Test_chromium" time="6.523" errors="0" timestamp="2025-05-05T23:17:45 IST">
  <testcase classname="com.qa.opencart.tests.HomePageTest" name="homePageTitleTest" time="0.024"/>
  <testcase classname="com.qa.opencart.tests.HomePageTest" name="homePageURLTest" time="0.002"/>
  <testcase classname="com.qa.opencart.tests.HomePageTest" name="searchTest" time="1.163"/>
  <testcase classname="com.qa.opencart.tests.HomePageTest" name="searchTest" time="0.796"/>
  <testcase classname="com.qa.opencart.tests.HomePageTest" name="searchTest" time="0.487"/>
</testsuite> <!-- Open Cart Home Page Test_chromium -->
