<?xml version="1.0" encoding="UTF-8"?>
<!-- Generated by org.testng.reporters.JUnitXMLReporter -->
<testsuite ignored="0" hostname="DESKTOP-CFBCV8Q" failures="0" tests="5" name="Open Cart Home Page Test_Chrome" time="16.538" errors="0" timestamp="2025-05-05T23:17:37 IST">
  <testcase classname="com.qa.opencart.tests.HomePageTest" name="homePageTitleTest" time="0.213"/>
  <testcase classname="com.qa.opencart.tests.HomePageTest" name="homePageURLTest" time="0.019"/>
  <testcase classname="com.qa.opencart.tests.HomePageTest" name="searchTest" time="1.08"/>
  <testcase classname="com.qa.opencart.tests.HomePageTest" name="searchTest" time="0.557"/>
  <testcase classname="com.qa.opencart.tests.HomePageTest" name="searchTest" time="0.456"/>
</testsuite> <!-- Open Cart Home Page Test_Chrome -->
