<?xml version="1.0" encoding="UTF-8"?>
<testng-results ignored="0" total="16" passed="16" failed="0" skipped="0">
  <reporter-output>
  </reporter-output>
  <suite started-at="2025-05-05T23:17:21 IST" name="Open Cart Test Regression PW Suite" finished-at="2025-05-05T23:17:45 IST" duration-ms="23650">
    <groups>
    </groups>
    <test started-at="2025-05-05T23:17:21 IST" name="Open Cart Login Page Test_firefox" finished-at="2025-05-05T23:17:37 IST" duration-ms="16472">
      <class name="com.qa.opencart.tests.LoginPageTest">
        <test-method is-config="true" signature="setup(java.lang.String)[pri:0, instance:com.qa.opencart.tests.LoginPageTest@265adfad]" started-at="2025-05-05T23:17:21 IST" name="setup" finished-at="2025-05-05T23:17:34 IST" duration-ms="13219" status="PASS">
          <params>
            <param index="0">
              <value>
                <![CDATA[chrome]]>
              </value>
            </param>
          </params>
          <reporter-output>
          </reporter-output>
        </test-method> <!-- setup -->
        <test-method signature="loginPageNavigationTest()[pri:1, instance:com.qa.opencart.tests.LoginPageTest@265adfad]" started-at="2025-05-05T23:17:34 IST" name="loginPageNavigationTest" finished-at="2025-05-05T23:17:36 IST" duration-ms="1484" status="PASS">
          <reporter-output>
          </reporter-output>
        </test-method> <!-- loginPageNavigationTest -->
        <test-method signature="forgotPwdLinkExistTest()[pri:2, instance:com.qa.opencart.tests.LoginPageTest@265adfad]" started-at="2025-05-05T23:17:36 IST" name="forgotPwdLinkExistTest" finished-at="2025-05-05T23:17:36 IST" duration-ms="55" status="PASS">
          <reporter-output>
          </reporter-output>
        </test-method> <!-- forgotPwdLinkExistTest -->
        <test-method signature="appLoginTest()[pri:3, instance:com.qa.opencart.tests.LoginPageTest@265adfad]" started-at="2025-05-05T23:17:36 IST" name="appLoginTest" finished-at="2025-05-05T23:17:37 IST" duration-ms="696" status="PASS">
          <reporter-output>
          </reporter-output>
        </test-method> <!-- appLoginTest -->
        <test-method is-config="true" signature="tearDown()[pri:0, instance:com.qa.opencart.tests.LoginPageTest@265adfad]" started-at="2025-05-05T23:17:37 IST" name="tearDown" finished-at="2025-05-05T23:17:37 IST" duration-ms="804" status="PASS">
          <reporter-output>
          </reporter-output>
        </test-method> <!-- tearDown -->
      </class> <!-- com.qa.opencart.tests.LoginPageTest -->
    </test> <!-- Open Cart Login Page Test_firefox -->
    <test started-at="2025-05-05T23:17:21 IST" name="Open Cart Home Page Test_Chrome" finished-at="2025-05-05T23:17:37 IST" duration-ms="16538">
      <class name="com.qa.opencart.tests.HomePageTest">
        <test-method is-config="true" signature="setup(java.lang.String)[pri:0, instance:com.qa.opencart.tests.HomePageTest@2421cc4]" started-at="2025-05-05T23:17:21 IST" name="setup" finished-at="2025-05-05T23:17:34 IST" duration-ms="13403" status="PASS">
          <params>
            <param index="0">
              <value>
                <![CDATA[chrome]]>
              </value>
            </param>
          </params>
          <reporter-output>
          </reporter-output>
        </test-method> <!-- setup -->
        <test-method signature="homePageTitleTest()[pri:1, instance:com.qa.opencart.tests.HomePageTest@2421cc4]" started-at="2025-05-05T23:17:34 IST" name="homePageTitleTest" finished-at="2025-05-05T23:17:35 IST" duration-ms="213" status="PASS">
          <reporter-output>
          </reporter-output>
        </test-method> <!-- homePageTitleTest -->
        <test-method signature="homePageURLTest()[pri:2, instance:com.qa.opencart.tests.HomePageTest@2421cc4]" started-at="2025-05-05T23:17:35 IST" name="homePageURLTest" finished-at="2025-05-05T23:17:35 IST" duration-ms="19" status="PASS">
          <reporter-output>
          </reporter-output>
        </test-method> <!-- homePageURLTest -->
        <test-method signature="searchTest(java.lang.String)[pri:3, instance:com.qa.opencart.tests.HomePageTest@2421cc4]" started-at="2025-05-05T23:17:35 IST" name="searchTest" data-provider="getProductData" finished-at="2025-05-05T23:17:36 IST" duration-ms="1080" status="PASS">
          <params>
            <param index="0">
              <value>
                <![CDATA[Macbook]]>
              </value>
            </param>
          </params>
          <reporter-output>
          </reporter-output>
        </test-method> <!-- searchTest -->
        <test-method signature="searchTest(java.lang.String)[pri:3, instance:com.qa.opencart.tests.HomePageTest@2421cc4]" started-at="2025-05-05T23:17:36 IST" name="searchTest" data-provider="getProductData" finished-at="2025-05-05T23:17:36 IST" duration-ms="557" status="PASS">
          <params>
            <param index="0">
              <value>
                <![CDATA[iMac]]>
              </value>
            </param>
          </params>
          <reporter-output>
          </reporter-output>
        </test-method> <!-- searchTest -->
        <test-method signature="searchTest(java.lang.String)[pri:3, instance:com.qa.opencart.tests.HomePageTest@2421cc4]" started-at="2025-05-05T23:17:36 IST" name="searchTest" data-provider="getProductData" finished-at="2025-05-05T23:17:37 IST" duration-ms="456" status="PASS">
          <params>
            <param index="0">
              <value>
                <![CDATA[Samsung]]>
              </value>
            </param>
          </params>
          <reporter-output>
          </reporter-output>
        </test-method> <!-- searchTest -->
        <test-method is-config="true" signature="tearDown()[pri:0, instance:com.qa.opencart.tests.HomePageTest@2421cc4]" started-at="2025-05-05T23:17:37 IST" name="tearDown" finished-at="2025-05-05T23:17:37 IST" duration-ms="530" status="PASS">
          <reporter-output>
          </reporter-output>
        </test-method> <!-- tearDown -->
      </class> <!-- com.qa.opencart.tests.HomePageTest -->
    </test> <!-- Open Cart Home Page Test_Chrome -->
    <test started-at="2025-05-05T23:17:38 IST" name="Open Cart Login Page Test_edge" finished-at="2025-05-05T23:17:44 IST" duration-ms="6013">
      <class name="com.qa.opencart.tests.LoginPageTest">
        <test-method is-config="true" signature="setup(java.lang.String)[pri:0, instance:com.qa.opencart.tests.LoginPageTest@38089a5a]" started-at="2025-05-05T23:17:38 IST" name="setup" finished-at="2025-05-05T23:17:41 IST" duration-ms="3288" status="PASS">
          <params>
            <param index="0">
              <value>
                <![CDATA[chrome]]>
              </value>
            </param>
          </params>
          <reporter-output>
          </reporter-output>
        </test-method> <!-- setup -->
        <test-method signature="loginPageNavigationTest()[pri:1, instance:com.qa.opencart.tests.LoginPageTest@38089a5a]" started-at="2025-05-05T23:17:41 IST" name="loginPageNavigationTest" finished-at="2025-05-05T23:17:43 IST" duration-ms="1161" status="PASS">
          <reporter-output>
          </reporter-output>
        </test-method> <!-- loginPageNavigationTest -->
        <test-method signature="forgotPwdLinkExistTest()[pri:2, instance:com.qa.opencart.tests.LoginPageTest@38089a5a]" started-at="2025-05-05T23:17:43 IST" name="forgotPwdLinkExistTest" finished-at="2025-05-05T23:17:43 IST" duration-ms="43" status="PASS">
          <reporter-output>
          </reporter-output>
        </test-method> <!-- forgotPwdLinkExistTest -->
        <test-method signature="appLoginTest()[pri:3, instance:com.qa.opencart.tests.LoginPageTest@38089a5a]" started-at="2025-05-05T23:17:43 IST" name="appLoginTest" finished-at="2025-05-05T23:17:43 IST" duration-ms="677" status="PASS">
          <reporter-output>
          </reporter-output>
        </test-method> <!-- appLoginTest -->
        <test-method is-config="true" signature="tearDown()[pri:0, instance:com.qa.opencart.tests.LoginPageTest@38089a5a]" started-at="2025-05-05T23:17:43 IST" name="tearDown" finished-at="2025-05-05T23:17:44 IST" duration-ms="831" status="PASS">
          <reporter-output>
          </reporter-output>
        </test-method> <!-- tearDown -->
      </class> <!-- com.qa.opencart.tests.LoginPageTest -->
    </test> <!-- Open Cart Login Page Test_edge -->
    <test started-at="2025-05-05T23:17:38 IST" name="Open Cart Home Page Test_chromium" finished-at="2025-05-05T23:17:45 IST" duration-ms="6523">
      <class name="com.qa.opencart.tests.HomePageTest">
        <test-method is-config="true" signature="setup(java.lang.String)[pri:0, instance:com.qa.opencart.tests.HomePageTest@56928307]" started-at="2025-05-05T23:17:38 IST" name="setup" finished-at="2025-05-05T23:17:42 IST" duration-ms="3454" status="PASS">
          <params>
            <param index="0">
              <value>
                <![CDATA[chrome]]>
              </value>
            </param>
          </params>
          <reporter-output>
          </reporter-output>
        </test-method> <!-- setup -->
        <test-method signature="homePageTitleTest()[pri:1, instance:com.qa.opencart.tests.HomePageTest@56928307]" started-at="2025-05-05T23:17:42 IST" name="homePageTitleTest" finished-at="2025-05-05T23:17:42 IST" duration-ms="24" status="PASS">
          <reporter-output>
          </reporter-output>
        </test-method> <!-- homePageTitleTest -->
        <test-method signature="homePageURLTest()[pri:2, instance:com.qa.opencart.tests.HomePageTest@56928307]" started-at="2025-05-05T23:17:42 IST" name="homePageURLTest" finished-at="2025-05-05T23:17:42 IST" duration-ms="2" status="PASS">
          <reporter-output>
          </reporter-output>
        </test-method> <!-- homePageURLTest -->
        <test-method signature="searchTest(java.lang.String)[pri:3, instance:com.qa.opencart.tests.HomePageTest@56928307]" started-at="2025-05-05T23:17:42 IST" name="searchTest" data-provider="getProductData" finished-at="2025-05-05T23:17:43 IST" duration-ms="1163" status="PASS">
          <params>
            <param index="0">
              <value>
                <![CDATA[Macbook]]>
              </value>
            </param>
          </params>
          <reporter-output>
          </reporter-output>
        </test-method> <!-- searchTest -->
        <test-method signature="searchTest(java.lang.String)[pri:3, instance:com.qa.opencart.tests.HomePageTest@56928307]" started-at="2025-05-05T23:17:43 IST" name="searchTest" data-provider="getProductData" finished-at="2025-05-05T23:17:44 IST" duration-ms="796" status="PASS">
          <params>
            <param index="0">
              <value>
                <![CDATA[iMac]]>
              </value>
            </param>
          </params>
          <reporter-output>
          </reporter-output>
        </test-method> <!-- searchTest -->
        <test-method signature="searchTest(java.lang.String)[pri:3, instance:com.qa.opencart.tests.HomePageTest@56928307]" started-at="2025-05-05T23:17:44 IST" name="searchTest" data-provider="getProductData" finished-at="2025-05-05T23:17:44 IST" duration-ms="487" status="PASS">
          <params>
            <param index="0">
              <value>
                <![CDATA[Samsung]]>
              </value>
            </param>
          </params>
          <reporter-output>
          </reporter-output>
        </test-method> <!-- searchTest -->
        <test-method is-config="true" signature="tearDown()[pri:0, instance:com.qa.opencart.tests.HomePageTest@56928307]" started-at="2025-05-05T23:17:44 IST" name="tearDown" finished-at="2025-05-05T23:17:45 IST" duration-ms="525" status="PASS">
          <reporter-output>
          </reporter-output>
        </test-method> <!-- tearDown -->
      </class> <!-- com.qa.opencart.tests.HomePageTest -->
    </test> <!-- Open Cart Home Page Test_chromium -->
  </suite> <!-- Open Cart Test Regression PW Suite -->
</testng-results>
